Arguments: 
  /Users/shivam/.nvm/versions/node/v15.2.0/bin/node /Users/shivam/.nvm/versions/node/v15.2.0/bin/yarn add -D eslint eslint-loader eslint-plugin-react eslint-config-prettier eslint-plugin-prettier @typescript-eslint/eslint-plugin @typescript-eslint/pars

PATH: 
  /home/shivam/.config/nvcode/utils/bin:/usr/local/Caskroom/google-cloud-sdk/latest/google-cloud-sdk/bin:/Users/shivam/.nvm/versions/node/v15.2.0/bin:/Users/shivam/.deno/bin:/usr/local/sbin:/usr/local/bin:/usr/bin:/bin:/usr/sbin:/sbin:/Applications/GPAC.app/Contents/MacOS/:/Library/Apple/usr/bin:/Users/shivam/.npm-global/bin:/Users/shivam/Library/Android/sdk/emulator:/Users/shivam/Library/Android/sdk/tools:/Users/shivam/Library/Android/sdk/tools/bin:/Users/shivam/Library/Android/sdk/platform-tools

Yarn version: 
  1.22.10

Node version: 
  15.2.0

Platform: 
  darwin x64

Trace: 
  Error: https://registry.yarnpkg.com/@typescript-eslint%2fpars: Not found
      at Request.params.callback [as _callback] (/Users/shivam/.nvm/versions/node/v15.2.0/lib/node_modules/yarn/lib/cli.js:66988:18)
      at Request.self.callback (/Users/shivam/.nvm/versions/node/v15.2.0/lib/node_modules/yarn/lib/cli.js:140662:22)
      at Request.emit (node:events:329:20)
      at Request.<anonymous> (/Users/shivam/.nvm/versions/node/v15.2.0/lib/node_modules/yarn/lib/cli.js:141634:10)
      at Request.emit (node:events:329:20)
      at IncomingMessage.<anonymous> (/Users/shivam/.nvm/versions/node/v15.2.0/lib/node_modules/yarn/lib/cli.js:141556:12)
      at Object.onceWrapper (node:events:435:28)
      at IncomingMessage.emit (node:events:341:22)
      at endReadableNT (node:internal/streams/readable:1294:12)
      at processTicksAndRejections (node:internal/process/task_queues:80:21)

npm manifest: 
  {
    "name": "my-app",
    "version": "0.1.0",
    "private": true,
    "scripts": {
      "dev": "next dev",
      "build": "next build",
      "start": "next start"
    },
    "dependencies": {
      "date-fns": "^2.11.1",
      "gray-matter": "^4.0.2",
      "next": "^10.0.0",
      "react": "17.0.1",
      "react-dom": "17.0.1",
      "remark": "^12.0.0",
      "remark-html": "^12.0.0"
    }
  }

yarn manifest: 
  No manifest

Lockfile: 
  No lockfile
